This file contains any messages produced by compilers while
running configure, to aid debugging if configure makes a mistake.

It was created by memcached configure 1.4.20, which was
generated by GNU Autoconf 2.65.  Invocation command line was

  $ ./configure 

## --------- ##
## Platform. ##
## --------- ##

hostname = sonny-macbook.local
uname -m = x86_64
uname -r = 14.0.0
uname -s = Darwin
uname -v = Darwin Kernel Version 14.0.0: Fri Sep 19 00:26:44 PDT 2014; root:xnu-2782.1.97~2/RELEASE_X86_64

/usr/bin/uname -p = i386
/bin/uname -X     = unknown

/bin/arch              = unknown
/usr/bin/arch -k       = unknown
/usr/convex/getsysinfo = unknown
/usr/bin/hostinfo      = Mach kernel version:
	 Darwin Kernel Version 14.0.0: Fri Sep 19 00:26:44 PDT 2014; root:xnu-2782.1.97~2/RELEASE_X86_64
Kernel configured for up to 4 processors.
2 processors are physically available.
4 processors are logically available.
Processor type: x86_64h (Intel x86-64h Haswell)
Processors active: 0 1 2 3
Primary memory available: 4.00 gigabytes
Default processor set: 209 tasks, 903 threads, 4 processors
Load average: 1.35, Mach factor: 2.64
/bin/machine           = unknown
/usr/bin/oslevel       = unknown
/bin/universe          = unknown

PATH: /Library/Frameworks/Python.framework/Versions/2.7/bin
PATH: /usr/local/bin
PATH: /usr/bin
PATH: /bin
PATH: /usr/sbin
PATH: /sbin
PATH: /opt/X11/bin


## ----------- ##
## Core tests. ##
## ----------- ##

configure:2282: checking build system type
configure:2296: result: i386-apple-darwin14.0.0
configure:2316: checking host system type
configure:2329: result: i386-apple-darwin14.0.0
configure:2349: checking target system type
configure:2362: result: i386-apple-darwin14.0.0
configure:2406: checking for a BSD-compatible install
configure:2474: result: /usr/bin/install -c
configure:2485: checking whether build environment is sane
configure:2535: result: yes
configure:2676: checking for a thread-safe mkdir -p
configure:2715: result: ./install-sh -c -d
configure:2728: checking for gawk
configure:2758: result: no
configure:2728: checking for mawk
configure:2758: result: no
configure:2728: checking for nawk
configure:2758: result: no
configure:2728: checking for awk
configure:2744: found /usr/bin/awk
configure:2755: result: awk
configure:2766: checking whether make sets $(MAKE)
configure:2788: result: yes
configure:2919: checking for gcc
configure:2935: found /usr/bin/gcc
configure:2946: result: gcc
configure:3175: checking for C compiler version
configure:3184: gcc --version >&5
Apple LLVM version 6.0 (clang-600.0.54) (based on LLVM 3.5svn)
Target: x86_64-apple-darwin14.0.0
Thread model: posix
Configured with: --prefix=/Applications/Xcode.app/Contents/Developer/usr --with-gxx-include-dir=/Applications/Xcode.app/Contents/Developer/Platforms/MacOSX.platform/Developer/SDKs/MacOSX10.10.sdk/usr/include/c++/4.2.1
configure:3195: $? = 0
configure:3184: gcc -v >&5
Configured with: --prefix=/Applications/Xcode.app/Contents/Developer/usr --with-gxx-include-dir=/Applications/Xcode.app/Contents/Developer/Platforms/MacOSX.platform/Developer/SDKs/MacOSX10.10.sdk/usr/include/c++/4.2.1
Apple LLVM version 6.0 (clang-600.0.54) (based on LLVM 3.5svn)
Target: x86_64-apple-darwin14.0.0
Thread model: posix
configure:3195: $? = 0
configure:3184: gcc -V >&5
clang: error: argument to '-V' is missing (expected 1 value)
clang: error: no input files
configure:3195: $? = 1
configure:3184: gcc -qversion >&5
clang: error: unknown argument: '-qversion'
clang: error: no input files
configure:3195: $? = 1
configure:3215: checking whether the C compiler works
configure:3237: gcc    conftest.c  >&5
configure:3241: $? = 0
configure:3290: result: yes
configure:3293: checking for C compiler default output file name
configure:3295: result: a.out
configure:3301: checking for suffix of executables
configure:3308: gcc -o conftest    conftest.c  >&5
configure:3312: $? = 0
configure:3334: result: 
configure:3356: checking whether we are cross compiling
configure:3364: gcc -o conftest    conftest.c  >&5
configure:3368: $? = 0
configure:3375: ./conftest
configure:3379: $? = 0
configure:3394: result: no
configure:3399: checking for suffix of object files
configure:3421: gcc -c   conftest.c >&5
configure:3425: $? = 0
configure:3446: result: o
configure:3450: checking whether we are using the GNU C compiler
configure:3469: gcc -c   conftest.c >&5
configure:3469: $? = 0
configure:3478: result: yes
configure:3487: checking whether gcc accepts -g
configure:3507: gcc -c -g  conftest.c >&5
configure:3507: $? = 0
configure:3548: result: yes
configure:3565: checking for gcc option to accept ISO C89
configure:3629: gcc  -c -g -O2  conftest.c >&5
configure:3629: $? = 0
configure:3642: result: none needed
configure:3673: checking for style of include used by make
configure:3701: result: GNU
configure:3726: checking dependency style of gcc
configure:3836: result: gcc3
configure:3860: checking how to run the C preprocessor
configure:3891: gcc -E  conftest.c
configure:3891: $? = 0
configure:3905: gcc -E  conftest.c
conftest.c:11:10: fatal error: 'ac_nonexistent.h' file not found
#include <ac_nonexistent.h>
         ^
1 error generated.
configure:3905: $? = 1
configure: failed program was:
| /* confdefs.h */
| #define PACKAGE_NAME "memcached"
| #define PACKAGE_TARNAME "memcached"
| #define PACKAGE_VERSION "1.4.20"
| #define PACKAGE_STRING "memcached 1.4.20"
| #define PACKAGE_BUGREPORT "memcached@googlegroups.com"
| #define PACKAGE_URL ""
| #define PACKAGE "memcached"
| #define VERSION "1.4.20"
| /* end confdefs.h.  */
| #include <ac_nonexistent.h>
configure:3930: result: gcc -E
configure:3950: gcc -E  conftest.c
configure:3950: $? = 0
configure:3964: gcc -E  conftest.c
conftest.c:11:10: fatal error: 'ac_nonexistent.h' file not found
#include <ac_nonexistent.h>
         ^
1 error generated.
configure:3964: $? = 1
configure: failed program was:
| /* confdefs.h */
| #define PACKAGE_NAME "memcached"
| #define PACKAGE_TARNAME "memcached"
| #define PACKAGE_VERSION "1.4.20"
| #define PACKAGE_STRING "memcached 1.4.20"
| #define PACKAGE_BUGREPORT "memcached@googlegroups.com"
| #define PACKAGE_URL ""
| #define PACKAGE "memcached"
| #define VERSION "1.4.20"
| /* end confdefs.h.  */
| #include <ac_nonexistent.h>
configure:3993: checking for grep that handles long lines and -e
configure:4051: result: /usr/bin/grep
configure:4056: checking for egrep
configure:4118: result: /usr/bin/grep -E
configure:4125: checking for icc in use
configure:4134: result: no
configure:4154: checking for clang in use
configure:4171: gcc -c -g -O2  conftest.c >&5
configure:4171: $? = 0
configure:4177: result: yes
configure:4186: checking for ANSI C header files
configure:4206: gcc -c -g -O2  conftest.c >&5
configure:4206: $? = 0
configure:4279: gcc -o conftest -g -O2   conftest.c  >&5
configure:4279: $? = 0
configure:4279: ./conftest
configure:4279: $? = 0
configure:4290: result: yes
configure:4303: checking for sys/types.h
configure:4303: gcc -c -g -O2  conftest.c >&5
configure:4303: $? = 0
configure:4303: result: yes
configure:4303: checking for sys/stat.h
configure:4303: gcc -c -g -O2  conftest.c >&5
configure:4303: $? = 0
configure:4303: result: yes
configure:4303: checking for stdlib.h
configure:4303: gcc -c -g -O2  conftest.c >&5
configure:4303: $? = 0
configure:4303: result: yes
configure:4303: checking for string.h
configure:4303: gcc -c -g -O2  conftest.c >&5
configure:4303: $? = 0
configure:4303: result: yes
configure:4303: checking for memory.h
configure:4303: gcc -c -g -O2  conftest.c >&5
configure:4303: $? = 0
configure:4303: result: yes
configure:4303: checking for strings.h
configure:4303: gcc -c -g -O2  conftest.c >&5
configure:4303: $? = 0
configure:4303: result: yes
configure:4303: checking for inttypes.h
configure:4303: gcc -c -g -O2  conftest.c >&5
configure:4303: $? = 0
configure:4303: result: yes
configure:4303: checking for stdint.h
configure:4303: gcc -c -g -O2  conftest.c >&5
configure:4303: $? = 0
configure:4303: result: yes
configure:4303: checking for unistd.h
configure:4303: gcc -c -g -O2  conftest.c >&5
configure:4303: $? = 0
configure:4303: result: yes
configure:4317: checking whether __SUNPRO_C is declared
configure:4317: gcc -c -g -O2  conftest.c >&5
conftest.c:58:10: error: use of undeclared identifier '__SUNPRO_C'
  (void) __SUNPRO_C;
         ^
1 error generated.
configure:4317: $? = 1
configure: failed program was:
| /* confdefs.h */
| #define PACKAGE_NAME "memcached"
| #define PACKAGE_TARNAME "memcached"
| #define PACKAGE_VERSION "1.4.20"
| #define PACKAGE_STRING "memcached 1.4.20"
| #define PACKAGE_BUGREPORT "memcached@googlegroups.com"
| #define PACKAGE_URL ""
| #define PACKAGE "memcached"
| #define VERSION "1.4.20"
| #define STDC_HEADERS 1
| #define HAVE_SYS_TYPES_H 1
| #define HAVE_SYS_STAT_H 1
| #define HAVE_STDLIB_H 1
| #define HAVE_STRING_H 1
| #define HAVE_MEMORY_H 1
| #define HAVE_STRINGS_H 1
| #define HAVE_INTTYPES_H 1
| #define HAVE_STDINT_H 1
| #define HAVE_UNISTD_H 1
| /* end confdefs.h.  */
| #include <stdio.h>
| #ifdef HAVE_SYS_TYPES_H
| # include <sys/types.h>
| #endif
| #ifdef HAVE_SYS_STAT_H
| # include <sys/stat.h>
| #endif
| #ifdef STDC_HEADERS
| # include <stdlib.h>
| # include <stddef.h>
| #else
| # ifdef HAVE_STDLIB_H
| #  include <stdlib.h>
| # endif
| #endif
| #ifdef HAVE_STRING_H
| # if !defined STDC_HEADERS && defined HAVE_MEMORY_H
| #  include <memory.h>
| # endif
| # include <string.h>
| #endif
| #ifdef HAVE_STRINGS_H
| # include <strings.h>
| #endif
| #ifdef HAVE_INTTYPES_H
| # include <inttypes.h>
| #endif
| #ifdef HAVE_STDINT_H
| # include <stdint.h>
| #endif
| #ifdef HAVE_UNISTD_H
| # include <unistd.h>
| #endif
| int
| main ()
| {
| #ifndef __SUNPRO_C
|   (void) __SUNPRO_C;
| #endif
| 
|   ;
|   return 0;
| }
configure:4317: result: no
configure:4338: checking for gcc option to accept ISO C99
configure:4487: gcc  -c -g -O2  conftest.c >&5
configure:4487: $? = 0
configure:4500: result: none needed
configure:4517: checking whether gcc and cc understand -c and -o together
configure:4548: gcc -c conftest.c -o conftest2.o >&5
configure:4552: $? = 0
configure:4558: gcc -c conftest.c -o conftest2.o >&5
configure:4562: $? = 0
configure:4573: cc -c conftest.c >&5
configure:4577: $? = 0
configure:4585: cc -c conftest.c -o conftest2.o >&5
configure:4589: $? = 0
configure:4595: cc -c conftest.c -o conftest2.o >&5
configure:4599: $? = 0
configure:4617: result: yes
configure:4666: checking sasl/sasl.h usability
configure:4666: gcc -c -g -O2  conftest.c >&5
configure:4666: $? = 0
configure:4666: result: yes
configure:4666: checking sasl/sasl.h presence
configure:4666: gcc -E  conftest.c
configure:4666: $? = 0
configure:4666: result: yes
configure:4666: checking for sasl/sasl.h
configure:4666: result: yes
configure:5030: checking for gcov
configure:5048: found /usr/bin/gcov
configure:5061: result: /usr/bin/gcov
configure:5124: checking for library containing clock_gettime
configure:5155: gcc -o conftest -g -O2   conftest.c  >&5
Undefined symbols for architecture x86_64:
  "_clock_gettime", referenced from:
      _main in conftest-e49dc2.o
ld: symbol(s) not found for architecture x86_64
clang: error: linker command failed with exit code 1 (use -v to see invocation)
configure:5155: $? = 1
configure: failed program was:
| /* confdefs.h */
| #define PACKAGE_NAME "memcached"
| #define PACKAGE_TARNAME "memcached"
| #define PACKAGE_VERSION "1.4.20"
| #define PACKAGE_STRING "memcached 1.4.20"
| #define PACKAGE_BUGREPORT "memcached@googlegroups.com"
| #define PACKAGE_URL ""
| #define PACKAGE "memcached"
| #define VERSION "1.4.20"
| #define STDC_HEADERS 1
| #define HAVE_SYS_TYPES_H 1
| #define HAVE_SYS_STAT_H 1
| #define HAVE_STDLIB_H 1
| #define HAVE_STRING_H 1
| #define HAVE_MEMORY_H 1
| #define HAVE_STRINGS_H 1
| #define HAVE_INTTYPES_H 1
| #define HAVE_STDINT_H 1
| #define HAVE_UNISTD_H 1
| #define HAVE_SASL_SASL_H 1
| /* end confdefs.h.  */
| 
| /* Override any GCC internal prototype to avoid an error.
|    Use char because int might match the return type of a GCC
|    builtin and then its argument prototype would still apply.  */
| #ifdef __cplusplus
| extern "C"
| #endif
| char clock_gettime ();
| int
| main ()
| {
| return clock_gettime ();
|   ;
|   return 0;
| }
configure:5155: gcc -o conftest -g -O2   conftest.c -lrt   >&5
ld: library not found for -lrt
clang: error: linker command failed with exit code 1 (use -v to see invocation)
configure:5155: $? = 1
configure: failed program was:
| /* confdefs.h */
| #define PACKAGE_NAME "memcached"
| #define PACKAGE_TARNAME "memcached"
| #define PACKAGE_VERSION "1.4.20"
| #define PACKAGE_STRING "memcached 1.4.20"
| #define PACKAGE_BUGREPORT "memcached@googlegroups.com"
| #define PACKAGE_URL ""
| #define PACKAGE "memcached"
| #define VERSION "1.4.20"
| #define STDC_HEADERS 1
| #define HAVE_SYS_TYPES_H 1
| #define HAVE_SYS_STAT_H 1
| #define HAVE_STDLIB_H 1
| #define HAVE_STRING_H 1
| #define HAVE_MEMORY_H 1
| #define HAVE_STRINGS_H 1
| #define HAVE_INTTYPES_H 1
| #define HAVE_STDINT_H 1
| #define HAVE_UNISTD_H 1
| #define HAVE_SASL_SASL_H 1
| /* end confdefs.h.  */
| 
| /* Override any GCC internal prototype to avoid an error.
|    Use char because int might match the return type of a GCC
|    builtin and then its argument prototype would still apply.  */
| #ifdef __cplusplus
| extern "C"
| #endif
| char clock_gettime ();
| int
| main ()
| {
| return clock_gettime ();
|   ;
|   return 0;
| }
configure:5172: result: no
configure:5182: checking for library containing socket
configure:5213: gcc -o conftest -g -O2   conftest.c  >&5
configure:5213: $? = 0
configure:5230: result: none required
configure:5238: checking for library containing gethostbyname
configure:5269: gcc -o conftest -g -O2   conftest.c  >&5
configure:5269: $? = 0
configure:5286: result: none required
configure:5311: checking for libevent directory
configure:5355: gcc -o conftest -g -O2   conftest.c -levent  >&5
conftest.c:24:10: fatal error: 'event.h' file not found
#include <event.h>
         ^
1 error generated.
configure:5355: $? = 1
configure: failed program was:
| /* confdefs.h */
| #define PACKAGE_NAME "memcached"
| #define PACKAGE_TARNAME "memcached"
| #define PACKAGE_VERSION "1.4.20"
| #define PACKAGE_STRING "memcached 1.4.20"
| #define PACKAGE_BUGREPORT "memcached@googlegroups.com"
| #define PACKAGE_URL ""
| #define PACKAGE "memcached"
| #define VERSION "1.4.20"
| #define STDC_HEADERS 1
| #define HAVE_SYS_TYPES_H 1
| #define HAVE_SYS_STAT_H 1
| #define HAVE_STDLIB_H 1
| #define HAVE_STRING_H 1
| #define HAVE_MEMORY_H 1
| #define HAVE_STRINGS_H 1
| #define HAVE_INTTYPES_H 1
| #define HAVE_STDINT_H 1
| #define HAVE_UNISTD_H 1
| #define HAVE_SASL_SASL_H 1
| /* end confdefs.h.  */
| #include <sys/time.h>
| #include <sys/types.h>
| #include <event.h>
| int
| main ()
| {
|  event_init();
|   ;
|   return 0;
| }
configure:5355: gcc -o conftest -g -O2 -I/usr/local/include  -L/usr/local/lib  conftest.c -levent  >&5
configure:5355: $? = 0
configure:5391: result: /usr/local
configure:5410: checking for library containing umem_cache_create
configure:5441: gcc -o conftest -g -O2 -I/usr/local/include  -L/usr/local/lib  -Wl,-rpath,/usr/local/lib conftest.c -levent  >&5
Undefined symbols for architecture x86_64:
  "_umem_cache_create", referenced from:
      _main in conftest-3edb76.o
ld: symbol(s) not found for architecture x86_64
clang: error: linker command failed with exit code 1 (use -v to see invocation)
configure:5441: $? = 1
configure: failed program was:
| /* confdefs.h */
| #define PACKAGE_NAME "memcached"
| #define PACKAGE_TARNAME "memcached"
| #define PACKAGE_VERSION "1.4.20"
| #define PACKAGE_STRING "memcached 1.4.20"
| #define PACKAGE_BUGREPORT "memcached@googlegroups.com"
| #define PACKAGE_URL ""
| #define PACKAGE "memcached"
| #define VERSION "1.4.20"
| #define STDC_HEADERS 1
| #define HAVE_SYS_TYPES_H 1
| #define HAVE_SYS_STAT_H 1
| #define HAVE_STDLIB_H 1
| #define HAVE_STRING_H 1
| #define HAVE_MEMORY_H 1
| #define HAVE_STRINGS_H 1
| #define HAVE_INTTYPES_H 1
| #define HAVE_STDINT_H 1
| #define HAVE_UNISTD_H 1
| #define HAVE_SASL_SASL_H 1
| /* end confdefs.h.  */
| 
| /* Override any GCC internal prototype to avoid an error.
|    Use char because int might match the return type of a GCC
|    builtin and then its argument prototype would still apply.  */
| #ifdef __cplusplus
| extern "C"
| #endif
| char umem_cache_create ();
| int
| main ()
| {
| return umem_cache_create ();
|   ;
|   return 0;
| }
configure:5441: gcc -o conftest -g -O2 -I/usr/local/include  -L/usr/local/lib  -Wl,-rpath,/usr/local/lib conftest.c -lumem  -levent  >&5
ld: library not found for -lumem
clang: error: linker command failed with exit code 1 (use -v to see invocation)
configure:5441: $? = 1
configure: failed program was:
| /* confdefs.h */
| #define PACKAGE_NAME "memcached"
| #define PACKAGE_TARNAME "memcached"
| #define PACKAGE_VERSION "1.4.20"
| #define PACKAGE_STRING "memcached 1.4.20"
| #define PACKAGE_BUGREPORT "memcached@googlegroups.com"
| #define PACKAGE_URL ""
| #define PACKAGE "memcached"
| #define VERSION "1.4.20"
| #define STDC_HEADERS 1
| #define HAVE_SYS_TYPES_H 1
| #define HAVE_SYS_STAT_H 1
| #define HAVE_STDLIB_H 1
| #define HAVE_STRING_H 1
| #define HAVE_MEMORY_H 1
| #define HAVE_STRINGS_H 1
| #define HAVE_INTTYPES_H 1
| #define HAVE_STDINT_H 1
| #define HAVE_UNISTD_H 1
| #define HAVE_SASL_SASL_H 1
| /* end confdefs.h.  */
| 
| /* Override any GCC internal prototype to avoid an error.
|    Use char because int might match the return type of a GCC
|    builtin and then its argument prototype would still apply.  */
| #ifdef __cplusplus
| extern "C"
| #endif
| char umem_cache_create ();
| int
| main ()
| {
| return umem_cache_create ();
|   ;
|   return 0;
| }
configure:5458: result: no
configure:5466: checking for library containing gethugepagesizes
configure:5497: gcc -o conftest -g -O2 -I/usr/local/include  -L/usr/local/lib  -Wl,-rpath,/usr/local/lib conftest.c -levent  >&5
Undefined symbols for architecture x86_64:
  "_gethugepagesizes", referenced from:
      _main in conftest-aa50c5.o
ld: symbol(s) not found for architecture x86_64
clang: error: linker command failed with exit code 1 (use -v to see invocation)
configure:5497: $? = 1
configure: failed program was:
| /* confdefs.h */
| #define PACKAGE_NAME "memcached"
| #define PACKAGE_TARNAME "memcached"
| #define PACKAGE_VERSION "1.4.20"
| #define PACKAGE_STRING "memcached 1.4.20"
| #define PACKAGE_BUGREPORT "memcached@googlegroups.com"
| #define PACKAGE_URL ""
| #define PACKAGE "memcached"
| #define VERSION "1.4.20"
| #define STDC_HEADERS 1
| #define HAVE_SYS_TYPES_H 1
| #define HAVE_SYS_STAT_H 1
| #define HAVE_STDLIB_H 1
| #define HAVE_STRING_H 1
| #define HAVE_MEMORY_H 1
| #define HAVE_STRINGS_H 1
| #define HAVE_INTTYPES_H 1
| #define HAVE_STDINT_H 1
| #define HAVE_UNISTD_H 1
| #define HAVE_SASL_SASL_H 1
| /* end confdefs.h.  */
| 
| /* Override any GCC internal prototype to avoid an error.
|    Use char because int might match the return type of a GCC
|    builtin and then its argument prototype would still apply.  */
| #ifdef __cplusplus
| extern "C"
| #endif
| char gethugepagesizes ();
| int
| main ()
| {
| return gethugepagesizes ();
|   ;
|   return 0;
| }
configure:5497: gcc -o conftest -g -O2 -I/usr/local/include  -L/usr/local/lib  -Wl,-rpath,/usr/local/lib conftest.c -lhugetlbfs  -levent  >&5
ld: library not found for -lhugetlbfs
clang: error: linker command failed with exit code 1 (use -v to see invocation)
configure:5497: $? = 1
configure: failed program was:
| /* confdefs.h */
| #define PACKAGE_NAME "memcached"
| #define PACKAGE_TARNAME "memcached"
| #define PACKAGE_VERSION "1.4.20"
| #define PACKAGE_STRING "memcached 1.4.20"
| #define PACKAGE_BUGREPORT "memcached@googlegroups.com"
| #define PACKAGE_URL ""
| #define PACKAGE "memcached"
| #define VERSION "1.4.20"
| #define STDC_HEADERS 1
| #define HAVE_SYS_TYPES_H 1
| #define HAVE_SYS_STAT_H 1
| #define HAVE_STDLIB_H 1
| #define HAVE_STRING_H 1
| #define HAVE_MEMORY_H 1
| #define HAVE_STRINGS_H 1
| #define HAVE_INTTYPES_H 1
| #define HAVE_STDINT_H 1
| #define HAVE_UNISTD_H 1
| #define HAVE_SASL_SASL_H 1
| /* end confdefs.h.  */
| 
| /* Override any GCC internal prototype to avoid an error.
|    Use char because int might match the return type of a GCC
|    builtin and then its argument prototype would still apply.  */
| #ifdef __cplusplus
| extern "C"
| #endif
| char gethugepagesizes ();
| int
| main ()
| {
| return gethugepagesizes ();
|   ;
|   return 0;
| }
configure:5514: result: no
configure:5523: checking for stdbool.h that conforms to C99
configure:5608: gcc -c -g -O2 -I/usr/local/include  conftest.c >&5
configure:5608: $? = 0
configure:5615: result: yes
configure:5617: checking for _Bool
configure:5617: gcc -c -g -O2 -I/usr/local/include  conftest.c >&5
configure:5617: $? = 0
configure:5617: gcc -c -g -O2 -I/usr/local/include  conftest.c >&5
conftest.c:58:20: error: expected expression
if (sizeof ((_Bool)))
                   ^
1 error generated.
configure:5617: $? = 1
configure: failed program was:
| /* confdefs.h */
| #define PACKAGE_NAME "memcached"
| #define PACKAGE_TARNAME "memcached"
| #define PACKAGE_VERSION "1.4.20"
| #define PACKAGE_STRING "memcached 1.4.20"
| #define PACKAGE_BUGREPORT "memcached@googlegroups.com"
| #define PACKAGE_URL ""
| #define PACKAGE "memcached"
| #define VERSION "1.4.20"
| #define STDC_HEADERS 1
| #define HAVE_SYS_TYPES_H 1
| #define HAVE_SYS_STAT_H 1
| #define HAVE_STDLIB_H 1
| #define HAVE_STRING_H 1
| #define HAVE_MEMORY_H 1
| #define HAVE_STRINGS_H 1
| #define HAVE_INTTYPES_H 1
| #define HAVE_STDINT_H 1
| #define HAVE_UNISTD_H 1
| #define HAVE_SASL_SASL_H 1
| /* end confdefs.h.  */
| #include <stdio.h>
| #ifdef HAVE_SYS_TYPES_H
| # include <sys/types.h>
| #endif
| #ifdef HAVE_SYS_STAT_H
| # include <sys/stat.h>
| #endif
| #ifdef STDC_HEADERS
| # include <stdlib.h>
| # include <stddef.h>
| #else
| # ifdef HAVE_STDLIB_H
| #  include <stdlib.h>
| # endif
| #endif
| #ifdef HAVE_STRING_H
| # if !defined STDC_HEADERS && defined HAVE_MEMORY_H
| #  include <memory.h>
| # endif
| # include <string.h>
| #endif
| #ifdef HAVE_STRINGS_H
| # include <strings.h>
| #endif
| #ifdef HAVE_INTTYPES_H
| # include <inttypes.h>
| #endif
| #ifdef HAVE_STDINT_H
| # include <stdint.h>
| #endif
| #ifdef HAVE_UNISTD_H
| # include <unistd.h>
| #endif
| int
| main ()
| {
| if (sizeof ((_Bool)))
| 	    return 0;
|   ;
|   return 0;
| }
configure:5617: result: yes
configure:5637: checking for inttypes.h
configure:5637: result: yes
configure:5652: checking for sasl_callback_ft
configure:5676: gcc -c -g -O2 -I/usr/local/include  conftest.c >&5
configure:5676: $? = 0
configure:5688: result: yes
configure:5700: checking for print macros for integers (C99 section 7.8.1)
configure:5724: gcc -c -g -O2 -I/usr/local/include  conftest.c >&5
configure:5724: $? = 0
configure:5732: result: yes
configure:5748: checking for an ANSI C-conforming const
configure:5813: gcc -c -g -O2 -I/usr/local/include  conftest.c >&5
configure:5813: $? = 0
configure:5820: result: yes
configure:5831: checking for socklen_t
configure:5853: gcc -c -g -O2 -I/usr/local/include  conftest.c >&5
configure:5853: $? = 0
configure:5865: result: yes
configure:5876: checking for endianness
configure:5903: gcc -o conftest -g -O2 -I/usr/local/include  -L/usr/local/lib  -Wl,-rpath,/usr/local/lib conftest.c -levent  >&5
conftest.c:32:9: warning: implicitly declaring library function 'exit' with type 'void (int) __attribute__((noreturn))'
        exit(*c == 1);
        ^
conftest.c:32:9: note: please include the header <stdlib.h> or explicitly provide a declaration for 'exit'
1 warning generated.
configure:5903: $? = 0
configure:5903: ./conftest
configure:5903: $? = 1
configure: program exited with status 1
configure: failed program was:
| /* confdefs.h */
| #define PACKAGE_NAME "memcached"
| #define PACKAGE_TARNAME "memcached"
| #define PACKAGE_VERSION "1.4.20"
| #define PACKAGE_STRING "memcached 1.4.20"
| #define PACKAGE_BUGREPORT "memcached@googlegroups.com"
| #define PACKAGE_URL ""
| #define PACKAGE "memcached"
| #define VERSION "1.4.20"
| #define STDC_HEADERS 1
| #define HAVE_SYS_TYPES_H 1
| #define HAVE_SYS_STAT_H 1
| #define HAVE_STDLIB_H 1
| #define HAVE_STRING_H 1
| #define HAVE_MEMORY_H 1
| #define HAVE_STRINGS_H 1
| #define HAVE_INTTYPES_H 1
| #define HAVE_STDINT_H 1
| #define HAVE_UNISTD_H 1
| #define HAVE_SASL_SASL_H 1
| #define HAVE__BOOL 1
| #define HAVE_STDBOOL_H 1
| #define HAVE_INTTYPES_H 1
| #define HAVE_SASL_CALLBACK_FT 1
| /* end confdefs.h.  */
| 
| int
| main ()
| {
|         long val = 1;
|         char *c = (char *) &val;
|         exit(*c == 1);
| 
|   ;
|   return 0;
| }
| 
configure:5918: result: little
configure:5935: checking for htonll
configure:5957: gcc -o conftest -g -O2 -I/usr/local/include  -L/usr/local/lib  -Wl,-rpath,/usr/local/lib conftest.c -levent  >&5
conftest.c:31:23: warning: extra tokens at end of #include directive [-Wextra-tokens]
#include <inttypes.h> */
                      ^
                      //
1 warning generated.
configure:5957: $? = 0
configure:5972: result: yes
configure:5976: checking for library containing pthread_create
configure:6007: gcc -o conftest -g -O2 -I/usr/local/include  -L/usr/local/lib  -Wl,-rpath,/usr/local/lib conftest.c -levent  >&5
configure:6007: $? = 0
configure:6024: result: none required
configure:6038: checking for mlockall
configure:6038: gcc -o conftest -g -O2 -I/usr/local/include  -L/usr/local/lib  -Wl,-rpath,/usr/local/lib conftest.c -levent  >&5
configure:6038: $? = 0
configure:6038: result: yes
configure:6049: checking for getpagesizes
configure:6049: gcc -o conftest -g -O2 -I/usr/local/include  -L/usr/local/lib  -Wl,-rpath,/usr/local/lib conftest.c -levent  >&5
Undefined symbols for architecture x86_64:
  "_getpagesizes", referenced from:
      _main in conftest-3828f2.o
ld: symbol(s) not found for architecture x86_64
clang: error: linker command failed with exit code 1 (use -v to see invocation)
configure:6049: $? = 1
configure: failed program was:
| /* confdefs.h */
| #define PACKAGE_NAME "memcached"
| #define PACKAGE_TARNAME "memcached"
| #define PACKAGE_VERSION "1.4.20"
| #define PACKAGE_STRING "memcached 1.4.20"
| #define PACKAGE_BUGREPORT "memcached@googlegroups.com"
| #define PACKAGE_URL ""
| #define PACKAGE "memcached"
| #define VERSION "1.4.20"
| #define STDC_HEADERS 1
| #define HAVE_SYS_TYPES_H 1
| #define HAVE_SYS_STAT_H 1
| #define HAVE_STDLIB_H 1
| #define HAVE_STRING_H 1
| #define HAVE_MEMORY_H 1
| #define HAVE_STRINGS_H 1
| #define HAVE_INTTYPES_H 1
| #define HAVE_STDINT_H 1
| #define HAVE_UNISTD_H 1
| #define HAVE_SASL_SASL_H 1
| #define HAVE__BOOL 1
| #define HAVE_STDBOOL_H 1
| #define HAVE_INTTYPES_H 1
| #define HAVE_SASL_CALLBACK_FT 1
| #define ENDIAN_LITTLE 1
| #define HAVE_HTONLL 1
| #define HAVE_MLOCKALL 1
| /* end confdefs.h.  */
| /* Define getpagesizes to an innocuous variant, in case <limits.h> declares getpagesizes.
|    For example, HP-UX 11i <limits.h> declares gettimeofday.  */
| #define getpagesizes innocuous_getpagesizes
| 
| /* System header to define __stub macros and hopefully few prototypes,
|     which can conflict with char getpagesizes (); below.
|     Prefer <limits.h> to <assert.h> if __STDC__ is defined, since
|     <limits.h> exists even on freestanding compilers.  */
| 
| #ifdef __STDC__
| # include <limits.h>
| #else
| # include <assert.h>
| #endif
| 
| #undef getpagesizes
| 
| /* Override any GCC internal prototype to avoid an error.
|    Use char because int might match the return type of a GCC
|    builtin and then its argument prototype would still apply.  */
| #ifdef __cplusplus
| extern "C"
| #endif
| char getpagesizes ();
| /* The GNU C library defines this for functions which it implements
|     to always fail with ENOSYS.  Some functions are actually named
|     something starting with __ and the normal name is an alias.  */
| #if defined __stub_getpagesizes || defined __stub___getpagesizes
| choke me
| #endif
| 
| int
| main ()
| {
| return getpagesizes ();
|   ;
|   return 0;
| }
configure:6049: result: no
configure:6060: checking for memcntl
configure:6060: gcc -o conftest -g -O2 -I/usr/local/include  -L/usr/local/lib  -Wl,-rpath,/usr/local/lib conftest.c -levent  >&5
Undefined symbols for architecture x86_64:
  "_memcntl", referenced from:
      _main in conftest-78ec0f.o
ld: symbol(s) not found for architecture x86_64
clang: error: linker command failed with exit code 1 (use -v to see invocation)
configure:6060: $? = 1
configure: failed program was:
| /* confdefs.h */
| #define PACKAGE_NAME "memcached"
| #define PACKAGE_TARNAME "memcached"
| #define PACKAGE_VERSION "1.4.20"
| #define PACKAGE_STRING "memcached 1.4.20"
| #define PACKAGE_BUGREPORT "memcached@googlegroups.com"
| #define PACKAGE_URL ""
| #define PACKAGE "memcached"
| #define VERSION "1.4.20"
| #define STDC_HEADERS 1
| #define HAVE_SYS_TYPES_H 1
| #define HAVE_SYS_STAT_H 1
| #define HAVE_STDLIB_H 1
| #define HAVE_STRING_H 1
| #define HAVE_MEMORY_H 1
| #define HAVE_STRINGS_H 1
| #define HAVE_INTTYPES_H 1
| #define HAVE_STDINT_H 1
| #define HAVE_UNISTD_H 1
| #define HAVE_SASL_SASL_H 1
| #define HAVE__BOOL 1
| #define HAVE_STDBOOL_H 1
| #define HAVE_INTTYPES_H 1
| #define HAVE_SASL_CALLBACK_FT 1
| #define ENDIAN_LITTLE 1
| #define HAVE_HTONLL 1
| #define HAVE_MLOCKALL 1
| /* end confdefs.h.  */
| /* Define memcntl to an innocuous variant, in case <limits.h> declares memcntl.
|    For example, HP-UX 11i <limits.h> declares gettimeofday.  */
| #define memcntl innocuous_memcntl
| 
| /* System header to define __stub macros and hopefully few prototypes,
|     which can conflict with char memcntl (); below.
|     Prefer <limits.h> to <assert.h> if __STDC__ is defined, since
|     <limits.h> exists even on freestanding compilers.  */
| 
| #ifdef __STDC__
| # include <limits.h>
| #else
| # include <assert.h>
| #endif
| 
| #undef memcntl
| 
| /* Override any GCC internal prototype to avoid an error.
|    Use char because int might match the return type of a GCC
|    builtin and then its argument prototype would still apply.  */
| #ifdef __cplusplus
| extern "C"
| #endif
| char memcntl ();
| /* The GNU C library defines this for functions which it implements
|     to always fail with ENOSYS.  Some functions are actually named
|     something starting with __ and the normal name is an alias.  */
| #if defined __stub_memcntl || defined __stub___memcntl
| choke me
| #endif
| 
| int
| main ()
| {
| return memcntl ();
|   ;
|   return 0;
| }
configure:6060: result: no
configure:6071: checking for sigignore
configure:6071: gcc -o conftest -g -O2 -I/usr/local/include  -L/usr/local/lib  -Wl,-rpath,/usr/local/lib conftest.c -levent  >&5
configure:6071: $? = 0
configure:6071: result: yes
configure:6082: checking for clock_gettime
configure:6082: gcc -o conftest -g -O2 -I/usr/local/include  -L/usr/local/lib  -Wl,-rpath,/usr/local/lib conftest.c -levent  >&5
Undefined symbols for architecture x86_64:
  "_clock_gettime", referenced from:
      _main in conftest-003f0e.o
ld: symbol(s) not found for architecture x86_64
clang: error: linker command failed with exit code 1 (use -v to see invocation)
configure:6082: $? = 1
configure: failed program was:
| /* confdefs.h */
| #define PACKAGE_NAME "memcached"
| #define PACKAGE_TARNAME "memcached"
| #define PACKAGE_VERSION "1.4.20"
| #define PACKAGE_STRING "memcached 1.4.20"
| #define PACKAGE_BUGREPORT "memcached@googlegroups.com"
| #define PACKAGE_URL ""
| #define PACKAGE "memcached"
| #define VERSION "1.4.20"
| #define STDC_HEADERS 1
| #define HAVE_SYS_TYPES_H 1
| #define HAVE_SYS_STAT_H 1
| #define HAVE_STDLIB_H 1
| #define HAVE_STRING_H 1
| #define HAVE_MEMORY_H 1
| #define HAVE_STRINGS_H 1
| #define HAVE_INTTYPES_H 1
| #define HAVE_STDINT_H 1
| #define HAVE_UNISTD_H 1
| #define HAVE_SASL_SASL_H 1
| #define HAVE__BOOL 1
| #define HAVE_STDBOOL_H 1
| #define HAVE_INTTYPES_H 1
| #define HAVE_SASL_CALLBACK_FT 1
| #define ENDIAN_LITTLE 1
| #define HAVE_HTONLL 1
| #define HAVE_MLOCKALL 1
| #define HAVE_SIGIGNORE 1
| /* end confdefs.h.  */
| /* Define clock_gettime to an innocuous variant, in case <limits.h> declares clock_gettime.
|    For example, HP-UX 11i <limits.h> declares gettimeofday.  */
| #define clock_gettime innocuous_clock_gettime
| 
| /* System header to define __stub macros and hopefully few prototypes,
|     which can conflict with char clock_gettime (); below.
|     Prefer <limits.h> to <assert.h> if __STDC__ is defined, since
|     <limits.h> exists even on freestanding compilers.  */
| 
| #ifdef __STDC__
| # include <limits.h>
| #else
| # include <assert.h>
| #endif
| 
| #undef clock_gettime
| 
| /* Override any GCC internal prototype to avoid an error.
|    Use char because int might match the return type of a GCC
|    builtin and then its argument prototype would still apply.  */
| #ifdef __cplusplus
| extern "C"
| #endif
| char clock_gettime ();
| /* The GNU C library defines this for functions which it implements
|     to always fail with ENOSYS.  Some functions are actually named
|     something starting with __ and the normal name is an alias.  */
| #if defined __stub_clock_gettime || defined __stub___clock_gettime
| choke me
| #endif
| 
| int
| main ()
| {
| return clock_gettime ();
|   ;
|   return 0;
| }
configure:6082: result: no
configure:6093: checking for accept4
configure:6093: gcc -o conftest -g -O2 -I/usr/local/include  -L/usr/local/lib  -Wl,-rpath,/usr/local/lib conftest.c -levent  >&5
Undefined symbols for architecture x86_64:
  "_accept4", referenced from:
      _main in conftest-d9ec6e.o
ld: symbol(s) not found for architecture x86_64
clang: error: linker command failed with exit code 1 (use -v to see invocation)
configure:6093: $? = 1
configure: failed program was:
| /* confdefs.h */
| #define PACKAGE_NAME "memcached"
| #define PACKAGE_TARNAME "memcached"
| #define PACKAGE_VERSION "1.4.20"
| #define PACKAGE_STRING "memcached 1.4.20"
| #define PACKAGE_BUGREPORT "memcached@googlegroups.com"
| #define PACKAGE_URL ""
| #define PACKAGE "memcached"
| #define VERSION "1.4.20"
| #define STDC_HEADERS 1
| #define HAVE_SYS_TYPES_H 1
| #define HAVE_SYS_STAT_H 1
| #define HAVE_STDLIB_H 1
| #define HAVE_STRING_H 1
| #define HAVE_MEMORY_H 1
| #define HAVE_STRINGS_H 1
| #define HAVE_INTTYPES_H 1
| #define HAVE_STDINT_H 1
| #define HAVE_UNISTD_H 1
| #define HAVE_SASL_SASL_H 1
| #define HAVE__BOOL 1
| #define HAVE_STDBOOL_H 1
| #define HAVE_INTTYPES_H 1
| #define HAVE_SASL_CALLBACK_FT 1
| #define ENDIAN_LITTLE 1
| #define HAVE_HTONLL 1
| #define HAVE_MLOCKALL 1
| #define HAVE_SIGIGNORE 1
| /* end confdefs.h.  */
| /* Define accept4 to an innocuous variant, in case <limits.h> declares accept4.
|    For example, HP-UX 11i <limits.h> declares gettimeofday.  */
| #define accept4 innocuous_accept4
| 
| /* System header to define __stub macros and hopefully few prototypes,
|     which can conflict with char accept4 (); below.
|     Prefer <limits.h> to <assert.h> if __STDC__ is defined, since
|     <limits.h> exists even on freestanding compilers.  */
| 
| #ifdef __STDC__
| # include <limits.h>
| #else
| # include <assert.h>
| #endif
| 
| #undef accept4
| 
| /* Override any GCC internal prototype to avoid an error.
|    Use char because int might match the return type of a GCC
|    builtin and then its argument prototype would still apply.  */
| #ifdef __cplusplus
| extern "C"
| #endif
| char accept4 ();
| /* The GNU C library defines this for functions which it implements
|     to always fail with ENOSYS.  Some functions are actually named
|     something starting with __ and the normal name is an alias.  */
| #if defined __stub_accept4 || defined __stub___accept4
| choke me
| #endif
| 
| int
| main ()
| {
| return accept4 ();
|   ;
|   return 0;
| }
configure:6093: result: no
configure:6107: checking for alignment
configure:6153: gcc -o conftest -g -O2 -I/usr/local/include  -L/usr/local/lib  -Wl,-rpath,/usr/local/lib conftest.c -levent  >&5
configure:6153: $? = 0
configure:6153: ./conftest
configure:6153: $? = 0
configure:6168: result: none
configure:6178: checking for GCC atomics
configure:6196: gcc -o conftest -g -O2 -I/usr/local/include  -L/usr/local/lib  -Wl,-rpath,/usr/local/lib conftest.c -levent  >&5
configure:6196: $? = 0
configure:6204: result: yes
configure:6209: checking for setppriv
configure:6209: gcc -o conftest -g -O2 -I/usr/local/include  -L/usr/local/lib  -Wl,-rpath,/usr/local/lib conftest.c -levent  >&5
Undefined symbols for architecture x86_64:
  "_setppriv", referenced from:
      _main in conftest-d3b216.o
ld: symbol(s) not found for architecture x86_64
clang: error: linker command failed with exit code 1 (use -v to see invocation)
configure:6209: $? = 1
configure: failed program was:
| /* confdefs.h */
| #define PACKAGE_NAME "memcached"
| #define PACKAGE_TARNAME "memcached"
| #define PACKAGE_VERSION "1.4.20"
| #define PACKAGE_STRING "memcached 1.4.20"
| #define PACKAGE_BUGREPORT "memcached@googlegroups.com"
| #define PACKAGE_URL ""
| #define PACKAGE "memcached"
| #define VERSION "1.4.20"
| #define STDC_HEADERS 1
| #define HAVE_SYS_TYPES_H 1
| #define HAVE_SYS_STAT_H 1
| #define HAVE_STDLIB_H 1
| #define HAVE_STRING_H 1
| #define HAVE_MEMORY_H 1
| #define HAVE_STRINGS_H 1
| #define HAVE_INTTYPES_H 1
| #define HAVE_STDINT_H 1
| #define HAVE_UNISTD_H 1
| #define HAVE_SASL_SASL_H 1
| #define HAVE__BOOL 1
| #define HAVE_STDBOOL_H 1
| #define HAVE_INTTYPES_H 1
| #define HAVE_SASL_CALLBACK_FT 1
| #define ENDIAN_LITTLE 1
| #define HAVE_HTONLL 1
| #define HAVE_MLOCKALL 1
| #define HAVE_SIGIGNORE 1
| #define HAVE_GCC_ATOMICS 1
| /* end confdefs.h.  */
| /* Define setppriv to an innocuous variant, in case <limits.h> declares setppriv.
|    For example, HP-UX 11i <limits.h> declares gettimeofday.  */
| #define setppriv innocuous_setppriv
| 
| /* System header to define __stub macros and hopefully few prototypes,
|     which can conflict with char setppriv (); below.
|     Prefer <limits.h> to <assert.h> if __STDC__ is defined, since
|     <limits.h> exists even on freestanding compilers.  */
| 
| #ifdef __STDC__
| # include <limits.h>
| #else
| # include <assert.h>
| #endif
| 
| #undef setppriv
| 
| /* Override any GCC internal prototype to avoid an error.
|    Use char because int might match the return type of a GCC
|    builtin and then its argument prototype would still apply.  */
| #ifdef __cplusplus
| extern "C"
| #endif
| char setppriv ();
| /* The GNU C library defines this for functions which it implements
|     to always fail with ENOSYS.  Some functions are actually named
|     something starting with __ and the normal name is an alias.  */
| #if defined __stub_setppriv || defined __stub___setppriv
| choke me
| #endif
| 
| int
| main ()
| {
| return setppriv ();
|   ;
|   return 0;
| }
configure:6209: result: no
configure:6240: checking umem.h usability
configure:6240: gcc -c -g -O2 -I/usr/local/include  conftest.c >&5
conftest.c:64:10: fatal error: 'umem.h' file not found
#include <umem.h>
         ^
1 error generated.
configure:6240: $? = 1
configure: failed program was:
| /* confdefs.h */
| #define PACKAGE_NAME "memcached"
| #define PACKAGE_TARNAME "memcached"
| #define PACKAGE_VERSION "1.4.20"
| #define PACKAGE_STRING "memcached 1.4.20"
| #define PACKAGE_BUGREPORT "memcached@googlegroups.com"
| #define PACKAGE_URL ""
| #define PACKAGE "memcached"
| #define VERSION "1.4.20"
| #define STDC_HEADERS 1
| #define HAVE_SYS_TYPES_H 1
| #define HAVE_SYS_STAT_H 1
| #define HAVE_STDLIB_H 1
| #define HAVE_STRING_H 1
| #define HAVE_MEMORY_H 1
| #define HAVE_STRINGS_H 1
| #define HAVE_INTTYPES_H 1
| #define HAVE_STDINT_H 1
| #define HAVE_UNISTD_H 1
| #define HAVE_SASL_SASL_H 1
| #define HAVE__BOOL 1
| #define HAVE_STDBOOL_H 1
| #define HAVE_INTTYPES_H 1
| #define HAVE_SASL_CALLBACK_FT 1
| #define ENDIAN_LITTLE 1
| #define HAVE_HTONLL 1
| #define HAVE_MLOCKALL 1
| #define HAVE_SIGIGNORE 1
| #define HAVE_GCC_ATOMICS 1
| /* end confdefs.h.  */
| #include <stdio.h>
| #ifdef HAVE_SYS_TYPES_H
| # include <sys/types.h>
| #endif
| #ifdef HAVE_SYS_STAT_H
| # include <sys/stat.h>
| #endif
| #ifdef STDC_HEADERS
| # include <stdlib.h>
| # include <stddef.h>
| #else
| # ifdef HAVE_STDLIB_H
| #  include <stdlib.h>
| # endif
| #endif
| #ifdef HAVE_STRING_H
| # if !defined STDC_HEADERS && defined HAVE_MEMORY_H
| #  include <memory.h>
| # endif
| # include <string.h>
| #endif
| #ifdef HAVE_STRINGS_H
| # include <strings.h>
| #endif
| #ifdef HAVE_INTTYPES_H
| # include <inttypes.h>
| #endif
| #ifdef HAVE_STDINT_H
| # include <stdint.h>
| #endif
| #ifdef HAVE_UNISTD_H
| # include <unistd.h>
| #endif
| #include <umem.h>
configure:6240: result: no
configure:6240: checking umem.h presence
configure:6240: gcc -E -I/usr/local/include  conftest.c
conftest.c:31:10: fatal error: 'umem.h' file not found
#include <umem.h>
         ^
1 error generated.
configure:6240: $? = 1
configure: failed program was:
| /* confdefs.h */
| #define PACKAGE_NAME "memcached"
| #define PACKAGE_TARNAME "memcached"
| #define PACKAGE_VERSION "1.4.20"
| #define PACKAGE_STRING "memcached 1.4.20"
| #define PACKAGE_BUGREPORT "memcached@googlegroups.com"
| #define PACKAGE_URL ""
| #define PACKAGE "memcached"
| #define VERSION "1.4.20"
| #define STDC_HEADERS 1
| #define HAVE_SYS_TYPES_H 1
| #define HAVE_SYS_STAT_H 1
| #define HAVE_STDLIB_H 1
| #define HAVE_STRING_H 1
| #define HAVE_MEMORY_H 1
| #define HAVE_STRINGS_H 1
| #define HAVE_INTTYPES_H 1
| #define HAVE_STDINT_H 1
| #define HAVE_UNISTD_H 1
| #define HAVE_SASL_SASL_H 1
| #define HAVE__BOOL 1
| #define HAVE_STDBOOL_H 1
| #define HAVE_INTTYPES_H 1
| #define HAVE_SASL_CALLBACK_FT 1
| #define ENDIAN_LITTLE 1
| #define HAVE_HTONLL 1
| #define HAVE_MLOCKALL 1
| #define HAVE_SIGIGNORE 1
| #define HAVE_GCC_ATOMICS 1
| /* end confdefs.h.  */
| #include <umem.h>
configure:6240: result: no
configure:6240: checking for umem.h
configure:6240: result: no
configure:6271: checking for xml2rfc
configure:6302: result: no
configure:6312: checking for xsltproc
configure:6330: found /usr/bin/xsltproc
configure:6343: result: /usr/bin/xsltproc
configure:6529: creating ./config.status

## ---------------------- ##
## Running config.status. ##
## ---------------------- ##

This file was extended by memcached config.status 1.4.20, which was
generated by GNU Autoconf 2.65.  Invocation command line was

  CONFIG_FILES    = 
  CONFIG_HEADERS  = 
  CONFIG_LINKS    = 
  CONFIG_COMMANDS = 
  $ ./config.status 

on sonny-macbook.local

config.status:894: creating Makefile
config.status:894: creating doc/Makefile
config.status:894: creating config.h
config.status:1114: executing depfiles commands

## ---------------- ##
## Cache variables. ##
## ---------------- ##

ac_cv_build=i386-apple-darwin14.0.0
ac_cv_c_alignment=none
ac_cv_c_compiler_gnu=yes
ac_cv_c_const=yes
ac_cv_c_endian=little
ac_cv_c_socklen_t=yes
ac_cv_c_uint64_support=yes
ac_cv_env_CC_set=
ac_cv_env_CC_value=
ac_cv_env_CFLAGS_set=
ac_cv_env_CFLAGS_value=
ac_cv_env_CPPFLAGS_set=
ac_cv_env_CPPFLAGS_value=
ac_cv_env_CPP_set=
ac_cv_env_CPP_value=
ac_cv_env_LDFLAGS_set=
ac_cv_env_LDFLAGS_value=
ac_cv_env_LIBS_set=
ac_cv_env_LIBS_value=
ac_cv_env_build_alias_set=
ac_cv_env_build_alias_value=
ac_cv_env_host_alias_set=
ac_cv_env_host_alias_value=
ac_cv_env_target_alias_set=
ac_cv_env_target_alias_value=
ac_cv_func_accept4=no
ac_cv_func_clock_gettime=no
ac_cv_func_getpagesizes=no
ac_cv_func_memcntl=no
ac_cv_func_mlockall=yes
ac_cv_func_setppriv=no
ac_cv_func_sigignore=yes
ac_cv_has_sasl_callback_ft=yes
ac_cv_have_decl___SUNPRO_C=no
ac_cv_header_inttypes_h=yes
ac_cv_header_memory_h=yes
ac_cv_header_sasl_sasl_h=yes
ac_cv_header_stdbool_h=yes
ac_cv_header_stdc=yes
ac_cv_header_stdint_h=yes
ac_cv_header_stdlib_h=yes
ac_cv_header_string_h=yes
ac_cv_header_strings_h=yes
ac_cv_header_sys_stat_h=yes
ac_cv_header_sys_types_h=yes
ac_cv_header_umem_h=no
ac_cv_header_unistd_h=yes
ac_cv_host=i386-apple-darwin14.0.0
ac_cv_libevent_dir=/usr/local
ac_cv_objext=o
ac_cv_path_EGREP='/usr/bin/grep -E'
ac_cv_path_GREP=/usr/bin/grep
ac_cv_path_PROFILER=/usr/bin/gcov
ac_cv_path_XML2RFC=no
ac_cv_path_XSLTPROC=/usr/bin/xsltproc
ac_cv_path_install='/usr/bin/install -c'
ac_cv_prog_AWK=awk
ac_cv_prog_CPP='gcc -E'
ac_cv_prog_ac_ct_CC=gcc
ac_cv_prog_cc_c89=
ac_cv_prog_cc_c99=
ac_cv_prog_cc_g=yes
ac_cv_prog_cc_gcc_c_o=yes
ac_cv_prog_make_make_set=yes
ac_cv_search_clock_gettime=no
ac_cv_search_gethostbyname='none required'
ac_cv_search_gethugepagesizes=no
ac_cv_search_pthread_create='none required'
ac_cv_search_socket='none required'
ac_cv_search_umem_cache_create=no
ac_cv_target=i386-apple-darwin14.0.0
ac_cv_type__Bool=yes
am_cv_CC_dependencies_compiler_type=gcc3

## ----------------- ##
## Output variables. ##
## ----------------- ##

ACLOCAL='${SHELL} /Users/smanurung/Dropbox/TA/server/memcached-1.4.20/missing --run aclocal-1.11'
AMDEPBACKSLASH='\'
AMDEP_FALSE='#'
AMDEP_TRUE=''
AMTAR='${SHELL} /Users/smanurung/Dropbox/TA/server/memcached-1.4.20/missing --run tar'
AUTOCONF='${SHELL} /Users/smanurung/Dropbox/TA/server/memcached-1.4.20/missing --run autoconf'
AUTOHEADER='${SHELL} /Users/smanurung/Dropbox/TA/server/memcached-1.4.20/missing --run autoheader'
AUTOMAKE='${SHELL} /Users/smanurung/Dropbox/TA/server/memcached-1.4.20/missing --run automake-1.11'
AWK='awk'
BUILD_CACHE_FALSE='#'
BUILD_CACHE_TRUE=''
BUILD_DTRACE_FALSE=''
BUILD_DTRACE_TRUE='#'
BUILD_SOLARIS_PRIVS_FALSE=''
BUILD_SOLARIS_PRIVS_TRUE='#'
BUILD_SPECIFICATIONS_FALSE=''
BUILD_SPECIFICATIONS_TRUE='#'
CC='gcc'
CCDEPMODE='depmode=gcc3'
CFLAGS='-g -O2 -Wall -Werror -pedantic -Wmissing-prototypes -Wmissing-declarations -Wredundant-decls'
CPP='gcc -E'
CPPFLAGS='-I/usr/local/include '
CYGPATH_W='echo'
DEFS='-DHAVE_CONFIG_H'
DEPDIR='.deps'
DTRACE=''
DTRACEFLAGS=''
DTRACE_INSTRUMENT_OBJ_FALSE=''
DTRACE_INSTRUMENT_OBJ_TRUE='#'
ECHO_C='\c'
ECHO_N=''
ECHO_T=''
EGREP='/usr/bin/grep -E'
ENABLE_SASL=''
ENABLE_SASL_FALSE=''
ENABLE_SASL_TRUE='#'
EXEEXT=''
GREP='/usr/bin/grep'
INSTALL_DATA='${INSTALL} -m 644'
INSTALL_PROGRAM='${INSTALL}'
INSTALL_SCRIPT='${INSTALL}'
INSTALL_STRIP_PROGRAM='$(install_sh) -c -s'
LDFLAGS='-L/usr/local/lib  -Wl,-rpath,/usr/local/lib'
LIBOBJS=''
LIBS='-levent '
LTLIBOBJS=''
MAKEINFO='${SHELL} /Users/smanurung/Dropbox/TA/server/memcached-1.4.20/missing --run makeinfo'
MKDIR_P='./install-sh -c -d'
OBJEXT='o'
PACKAGE='memcached'
PACKAGE_BUGREPORT='memcached@googlegroups.com'
PACKAGE_NAME='memcached'
PACKAGE_STRING='memcached 1.4.20'
PACKAGE_TARNAME='memcached'
PACKAGE_URL=''
PACKAGE_VERSION='1.4.20'
PATH_SEPARATOR=':'
PROFILER='/usr/bin/gcov'
PROFILER_FLAGS='-fprofile-arcs -ftest-coverage'
PROFILER_LDFLAGS=''
SET_MAKE=''
SHELL='/bin/sh'
STRIP=''
VERSION='1.4.20'
XML2RFC='no'
XSLTPROC='/usr/bin/xsltproc'
ac_ct_CC='gcc'
am__EXEEXT_FALSE=''
am__EXEEXT_TRUE='#'
am__fastdepCC_FALSE='#'
am__fastdepCC_TRUE=''
am__include='include'
am__isrc=''
am__leading_dot='.'
am__quote=''
am__tar='${AMTAR} chof - "$$tardir"'
am__untar='${AMTAR} xf -'
bindir='${exec_prefix}/bin'
build='i386-apple-darwin14.0.0'
build_alias=''
build_cpu='i386'
build_os='darwin14.0.0'
build_vendor='apple'
datadir='${datarootdir}'
datarootdir='${prefix}/share'
docdir='${datarootdir}/doc/${PACKAGE_TARNAME}'
dvidir='${docdir}'
exec_prefix='${prefix}'
host='i386-apple-darwin14.0.0'
host_alias=''
host_cpu='i386'
host_os='darwin14.0.0'
host_vendor='apple'
htmldir='${docdir}'
includedir='${prefix}/include'
infodir='${datarootdir}/info'
install_sh='${SHELL} /Users/smanurung/Dropbox/TA/server/memcached-1.4.20/install-sh'
libdir='${exec_prefix}/lib'
libexecdir='${exec_prefix}/libexec'
localedir='${datarootdir}/locale'
localstatedir='${prefix}/var'
mandir='${datarootdir}/man'
mkdir_p='$(top_builddir)/./install-sh -c -d'
oldincludedir='/usr/include'
pdfdir='${docdir}'
prefix='/usr/local'
program_transform_name='s,x,x,'
psdir='${docdir}'
sbindir='${exec_prefix}/sbin'
sharedstatedir='${prefix}/com'
sysconfdir='${prefix}/etc'
target='i386-apple-darwin14.0.0'
target_alias=''
target_cpu='i386'
target_os='darwin14.0.0'
target_vendor='apple'

## ----------- ##
## confdefs.h. ##
## ----------- ##

/* confdefs.h */
#define PACKAGE_NAME "memcached"
#define PACKAGE_TARNAME "memcached"
#define PACKAGE_VERSION "1.4.20"
#define PACKAGE_STRING "memcached 1.4.20"
#define PACKAGE_BUGREPORT "memcached@googlegroups.com"
#define PACKAGE_URL ""
#define PACKAGE "memcached"
#define VERSION "1.4.20"
#define STDC_HEADERS 1
#define HAVE_SYS_TYPES_H 1
#define HAVE_SYS_STAT_H 1
#define HAVE_STDLIB_H 1
#define HAVE_STRING_H 1
#define HAVE_MEMORY_H 1
#define HAVE_STRINGS_H 1
#define HAVE_INTTYPES_H 1
#define HAVE_STDINT_H 1
#define HAVE_UNISTD_H 1
#define HAVE_SASL_SASL_H 1
#define HAVE__BOOL 1
#define HAVE_STDBOOL_H 1
#define HAVE_INTTYPES_H 1
#define HAVE_SASL_CALLBACK_FT 1
#define ENDIAN_LITTLE 1
#define HAVE_HTONLL 1
#define HAVE_MLOCKALL 1
#define HAVE_SIGIGNORE 1
#define HAVE_GCC_ATOMICS 1
#define _GNU_SOURCE 1

configure: exit 0
